[16-Dec-2016 11:37:11 UTC] PHP Fatal error:  Allowed memory size of 134217728 bytes exhausted (tried to allocate 32768 bytes) in /home/ubuntu/workspace/storage/framework/views/82ce4810cc43d475da65137a82f6b956bd019073.php on line 1
[16-Dec-2016 11:37:12 UTC] PHP Fatal error:  Allowed memory size of 134217728 bytes exhausted (tried to allocate 16384 bytes) in /home/ubuntu/workspace/vendor/laravel/framework/src/Illuminate/View/Factory.php on line 543
[18-Jan-2017 12:12:34 UTC] PHP Warning:  require(/home/ubuntu/workspace/bootstrap/../vendor/autoload.php): failed to open stream: No such file or directory in /home/ubuntu/workspace/bootstrap/autoload.php on line 17
[18-Jan-2017 12:12:34 UTC] PHP Fatal error:  require(): Failed opening required '/home/ubuntu/workspace/bootstrap/../vendor/autoload.php' (include_path='.:/usr/share/php') in /home/ubuntu/workspace/bootstrap/autoload.php on line 17
[18-Jan-2017 12:12:38 UTC] PHP Warning:  require(/home/ubuntu/workspace/bootstrap/../vendor/autoload.php): failed to open stream: No such file or directory in /home/ubuntu/workspace/bootstrap/autoload.php on line 17
[18-Jan-2017 12:12:38 UTC] PHP Fatal error:  require(): Failed opening required '/home/ubuntu/workspace/bootstrap/../vendor/autoload.php' (include_path='.:/usr/share/php') in /home/ubuntu/workspace/bootstrap/autoload.php on line 17
[18-Jan-2017 12:12:45 UTC] PHP Warning:  require(/home/ubuntu/workspace/bootstrap/../vendor/autoload.php): failed to open stream: No such file or directory in /home/ubuntu/workspace/bootstrap/autoload.php on line 17
[18-Jan-2017 12:12:45 UTC] PHP Fatal error:  require(): Failed opening required '/home/ubuntu/workspace/bootstrap/../vendor/autoload.php' (include_path='.:/usr/share/php') in /home/ubuntu/workspace/bootstrap/autoload.php on line 17
[18-Jan-2017 12:12:56 UTC] PHP Warning:  require(/home/ubuntu/workspace/bootstrap/../vendor/autoload.php): failed to open stream: No such file or directory in /home/ubuntu/workspace/bootstrap/autoload.php on line 17
[18-Jan-2017 12:12:56 UTC] PHP Fatal error:  require(): Failed opening required '/home/ubuntu/workspace/bootstrap/../vendor/autoload.php' (include_path='.:/usr/share/php') in /home/ubuntu/workspace/bootstrap/autoload.php on line 17
[18-Jan-2017 12:13:17 UTC] PHP Warning:  require(/home/ubuntu/workspace/bootstrap/../vendor/autoload.php): failed to open stream: No such file or directory in /home/ubuntu/workspace/bootstrap/autoload.php on line 17
[18-Jan-2017 12:13:17 UTC] PHP Fatal error:  require(): Failed opening required '/home/ubuntu/workspace/bootstrap/../vendor/autoload.php' (include_path='.:/usr/share/php') in /home/ubuntu/workspace/bootstrap/autoload.php on line 17
[18-Jan-2017 12:13:19 UTC] PHP Warning:  require(/home/ubuntu/workspace/bootstrap/../vendor/autoload.php): failed to open stream: No such file or directory in /home/ubuntu/workspace/bootstrap/autoload.php on line 17
[18-Jan-2017 12:13:19 UTC] PHP Fatal error:  require(): Failed opening required '/home/ubuntu/workspace/bootstrap/../vendor/autoload.php' (include_path='.:/usr/share/php') in /home/ubuntu/workspace/bootstrap/autoload.php on line 17
[18-Jan-2017 12:13:20 UTC] PHP Warning:  require(/home/ubuntu/workspace/bootstrap/../vendor/autoload.php): failed to open stream: No such file or directory in /home/ubuntu/workspace/bootstrap/autoload.php on line 17
[18-Jan-2017 12:13:20 UTC] PHP Fatal error:  require(): Failed opening required '/home/ubuntu/workspace/bootstrap/../vendor/autoload.php' (include_path='.:/usr/share/php') in /home/ubuntu/workspace/bootstrap/autoload.php on line 17
[18-Jan-2017 12:13:21 UTC] PHP Warning:  require(/home/ubuntu/workspace/bootstrap/../vendor/autoload.php): failed to open stream: No such file or directory in /home/ubuntu/workspace/bootstrap/autoload.php on line 17
[18-Jan-2017 12:13:21 UTC] PHP Fatal error:  require(): Failed opening required '/home/ubuntu/workspace/bootstrap/../vendor/autoload.php' (include_path='.:/usr/share/php') in /home/ubuntu/workspace/bootstrap/autoload.php on line 17
[18-Jan-2017 12:13:46 UTC] PHP Warning:  require(/home/ubuntu/workspace/bootstrap/../vendor/autoload.php): failed to open stream: No such file or directory in /home/ubuntu/workspace/bootstrap/autoload.php on line 17
[18-Jan-2017 12:13:46 UTC] PHP Fatal error:  require(): Failed opening required '/home/ubuntu/workspace/bootstrap/../vendor/autoload.php' (include_path='.:/usr/share/php') in /home/ubuntu/workspace/bootstrap/autoload.php on line 17
[18-Jan-2017 12:15:05 UTC] PHP Warning:  require(/home/ubuntu/workspace/bootstrap/../vendor/autoload.php): failed to open stream: No such file or directory in /home/ubuntu/workspace/bootstrap/autoload.php on line 17
[18-Jan-2017 12:15:05 UTC] PHP Fatal error:  require(): Failed opening required '/home/ubuntu/workspace/bootstrap/../vendor/autoload.php' (include_path='.:/usr/share/php') in /home/ubuntu/workspace/bootstrap/autoload.php on line 17
[18-Jan-2017 12:17:56 UTC] PHP Warning:  require(/home/ubuntu/workspace/bootstrap/../vendor/autoload.php): failed to open stream: No such file or directory in /home/ubuntu/workspace/bootstrap/autoload.php on line 17
[18-Jan-2017 12:17:56 UTC] PHP Fatal error:  require(): Failed opening required '/home/ubuntu/workspace/bootstrap/../vendor/autoload.php' (include_path='.:/usr/share/php') in /home/ubuntu/workspace/bootstrap/autoload.php on line 17
[18-Jan-2017 12:18:39 UTC] PHP Warning:  require(/home/ubuntu/workspace/bootstrap/../vendor/autoload.php): failed to open stream: No such file or directory in /home/ubuntu/workspace/bootstrap/autoload.php on line 17
[18-Jan-2017 12:18:39 UTC] PHP Fatal error:  require(): Failed opening required '/home/ubuntu/workspace/bootstrap/../vendor/autoload.php' (include_path='.:/usr/share/php') in /home/ubuntu/workspace/bootstrap/autoload.php on line 17
[18-Jan-2017 12:18:41 UTC] PHP Warning:  require(/home/ubuntu/workspace/bootstrap/../vendor/autoload.php): failed to open stream: No such file or directory in /home/ubuntu/workspace/bootstrap/autoload.php on line 17
[18-Jan-2017 12:18:41 UTC] PHP Fatal error:  require(): Failed opening required '/home/ubuntu/workspace/bootstrap/../vendor/autoload.php' (include_path='.:/usr/share/php') in /home/ubuntu/workspace/bootstrap/autoload.php on line 17
[18-Jan-2017 12:18:42 UTC] PHP Warning:  require(/home/ubuntu/workspace/bootstrap/../vendor/autoload.php): failed to open stream: No such file or directory in /home/ubuntu/workspace/bootstrap/autoload.php on line 17
[18-Jan-2017 12:18:42 UTC] PHP Fatal error:  require(): Failed opening required '/home/ubuntu/workspace/bootstrap/../vendor/autoload.php' (include_path='.:/usr/share/php') in /home/ubuntu/workspace/bootstrap/autoload.php on line 17
[18-Jan-2017 12:18:42 UTC] PHP Warning:  require(/home/ubuntu/workspace/bootstrap/../vendor/autoload.php): failed to open stream: No such file or directory in /home/ubuntu/workspace/bootstrap/autoload.php on line 17
[18-Jan-2017 12:18:43 UTC] PHP Fatal error:  require(): Failed opening required '/home/ubuntu/workspace/bootstrap/../vendor/autoload.php' (include_path='.:/usr/share/php') in /home/ubuntu/workspace/bootstrap/autoload.php on line 17
[18-Jan-2017 12:18:43 UTC] PHP Warning:  require(/home/ubuntu/workspace/bootstrap/../vendor/autoload.php): failed to open stream: No such file or directory in /home/ubuntu/workspace/bootstrap/autoload.php on line 17
[18-Jan-2017 12:18:43 UTC] PHP Fatal error:  require(): Failed opening required '/home/ubuntu/workspace/bootstrap/../vendor/autoload.php' (include_path='.:/usr/share/php') in /home/ubuntu/workspace/bootstrap/autoload.php on line 17
[18-Jan-2017 12:26:15 UTC] PHP Warning:  require(/home/ubuntu/workspace/bootstrap/../vendor/autoload.php): failed to open stream: No such file or directory in /home/ubuntu/workspace/bootstrap/autoload.php on line 17
[18-Jan-2017 12:26:15 UTC] PHP Fatal error:  require(): Failed opening required '/home/ubuntu/workspace/bootstrap/../vendor/autoload.php' (include_path='.:/usr/share/php') in /home/ubuntu/workspace/bootstrap/autoload.php on line 17
[18-Jan-2017 12:26:16 UTC] PHP Warning:  require(/home/ubuntu/workspace/bootstrap/../vendor/autoload.php): failed to open stream: No such file or directory in /home/ubuntu/workspace/bootstrap/autoload.php on line 17
[18-Jan-2017 12:26:16 UTC] PHP Fatal error:  require(): Failed opening required '/home/ubuntu/workspace/bootstrap/../vendor/autoload.php' (include_path='.:/usr/share/php') in /home/ubuntu/workspace/bootstrap/autoload.php on line 17
[18-Jan-2017 12:26:17 UTC] PHP Warning:  require(/home/ubuntu/workspace/bootstrap/../vendor/autoload.php): failed to open stream: No such file or directory in /home/ubuntu/workspace/bootstrap/autoload.php on line 17
[18-Jan-2017 12:26:17 UTC] PHP Fatal error:  require(): Failed opening required '/home/ubuntu/workspace/bootstrap/../vendor/autoload.php' (include_path='.:/usr/share/php') in /home/ubuntu/workspace/bootstrap/autoload.php on line 17
[18-Jan-2017 12:26:18 UTC] PHP Warning:  require(/home/ubuntu/workspace/bootstrap/../vendor/autoload.php): failed to open stream: No such file or directory in /home/ubuntu/workspace/bootstrap/autoload.php on line 17
[18-Jan-2017 12:26:18 UTC] PHP Fatal error:  require(): Failed opening required '/home/ubuntu/workspace/bootstrap/../vendor/autoload.php' (include_path='.:/usr/share/php') in /home/ubuntu/workspace/bootstrap/autoload.php on line 17
[18-Jan-2017 12:26:18 UTC] PHP Warning:  require(/home/ubuntu/workspace/bootstrap/../vendor/autoload.php): failed to open stream: No such file or directory in /home/ubuntu/workspace/bootstrap/autoload.php on line 17
[18-Jan-2017 12:26:18 UTC] PHP Fatal error:  require(): Failed opening required '/home/ubuntu/workspace/bootstrap/../vendor/autoload.php' (include_path='.:/usr/share/php') in /home/ubuntu/workspace/bootstrap/autoload.php on line 17
[18-Jan-2017 12:26:18 UTC] PHP Warning:  require(/home/ubuntu/workspace/bootstrap/../vendor/autoload.php): failed to open stream: No such file or directory in /home/ubuntu/workspace/bootstrap/autoload.php on line 17
[18-Jan-2017 12:26:18 UTC] PHP Fatal error:  require(): Failed opening required '/home/ubuntu/workspace/bootstrap/../vendor/autoload.php' (include_path='.:/usr/share/php') in /home/ubuntu/workspace/bootstrap/autoload.php on line 17
[18-Jan-2017 12:26:18 UTC] PHP Warning:  require(/home/ubuntu/workspace/bootstrap/../vendor/autoload.php): failed to open stream: No such file or directory in /home/ubuntu/workspace/bootstrap/autoload.php on line 17
[18-Jan-2017 12:26:18 UTC] PHP Fatal error:  require(): Failed opening required '/home/ubuntu/workspace/bootstrap/../vendor/autoload.php' (include_path='.:/usr/share/php') in /home/ubuntu/workspace/bootstrap/autoload.php on line 17
[18-Jan-2017 12:26:19 UTC] PHP Warning:  require(/home/ubuntu/workspace/bootstrap/../vendor/autoload.php): failed to open stream: No such file or directory in /home/ubuntu/workspace/bootstrap/autoload.php on line 17
[18-Jan-2017 12:26:19 UTC] PHP Fatal error:  require(): Failed opening required '/home/ubuntu/workspace/bootstrap/../vendor/autoload.php' (include_path='.:/usr/share/php') in /home/ubuntu/workspace/bootstrap/autoload.php on line 17
[18-Jan-2017 12:26:19 UTC] PHP Warning:  require(/home/ubuntu/workspace/bootstrap/../vendor/autoload.php): failed to open stream: No such file or directory in /home/ubuntu/workspace/bootstrap/autoload.php on line 17
[18-Jan-2017 12:26:19 UTC] PHP Fatal error:  require(): Failed opening required '/home/ubuntu/workspace/bootstrap/../vendor/autoload.php' (include_path='.:/usr/share/php') in /home/ubuntu/workspace/bootstrap/autoload.php on line 17
[18-Jan-2017 12:26:20 UTC] PHP Warning:  require(/home/ubuntu/workspace/bootstrap/../vendor/autoload.php): failed to open stream: No such file or directory in /home/ubuntu/workspace/bootstrap/autoload.php on line 17
[18-Jan-2017 12:26:20 UTC] PHP Fatal error:  require(): Failed opening required '/home/ubuntu/workspace/bootstrap/../vendor/autoload.php' (include_path='.:/usr/share/php') in /home/ubuntu/workspace/bootstrap/autoload.php on line 17
[18-Jan-2017 12:26:48 UTC] PHP Warning:  require(/home/ubuntu/workspace/bootstrap/../vendor/autoload.php): failed to open stream: No such file or directory in /home/ubuntu/workspace/bootstrap/autoload.php on line 17
[18-Jan-2017 12:26:48 UTC] PHP Fatal error:  require(): Failed opening required '/home/ubuntu/workspace/bootstrap/../vendor/autoload.php' (include_path='.:/usr/share/php') in /home/ubuntu/workspace/bootstrap/autoload.php on line 17
[18-Jan-2017 12:27:50 UTC] PHP Warning:  require(/home/ubuntu/workspace/bootstrap/../vendor/autoload.php): failed to open stream: No such file or directory in /home/ubuntu/workspace/bootstrap/autoload.php on line 17
[18-Jan-2017 12:27:50 UTC] PHP Fatal error:  require(): Failed opening required '/home/ubuntu/workspace/bootstrap/../vendor/autoload.php' (include_path='.:/usr/share/php') in /home/ubuntu/workspace/bootstrap/autoload.php on line 17
[18-Jan-2017 12:27:52 UTC] PHP Warning:  require(/home/ubuntu/workspace/bootstrap/../vendor/autoload.php): failed to open stream: No such file or directory in /home/ubuntu/workspace/bootstrap/autoload.php on line 17
[18-Jan-2017 12:27:52 UTC] PHP Fatal error:  require(): Failed opening required '/home/ubuntu/workspace/bootstrap/../vendor/autoload.php' (include_path='.:/usr/share/php') in /home/ubuntu/workspace/bootstrap/autoload.php on line 17
[18-Jan-2017 12:29:05 UTC] PHP Warning:  require(/home/ubuntu/workspace/bootstrap/../vendor/autoload.php): failed to open stream: No such file or directory in /home/ubuntu/workspace/bootstrap/autoload.php on line 17
[18-Jan-2017 12:29:05 UTC] PHP Fatal error:  require(): Failed opening required '/home/ubuntu/workspace/bootstrap/../vendor/autoload.php' (include_path='.:/usr/share/php') in /home/ubuntu/workspace/bootstrap/autoload.php on line 17
[18-Jan-2017 12:29:06 UTC] PHP Warning:  require(/home/ubuntu/workspace/bootstrap/../vendor/autoload.php): failed to open stream: No such file or directory in /home/ubuntu/workspace/bootstrap/autoload.php on line 17
[18-Jan-2017 12:29:06 UTC] PHP Fatal error:  require(): Failed opening required '/home/ubuntu/workspace/bootstrap/../vendor/autoload.php' (include_path='.:/usr/share/php') in /home/ubuntu/workspace/bootstrap/autoload.php on line 17
[18-Jan-2017 12:29:53 UTC] PHP Warning:  require(/home/ubuntu/workspace/bootstrap/../vendor/autoload.php): failed to open stream: No such file or directory in /home/ubuntu/workspace/bootstrap/autoload.php on line 17
[18-Jan-2017 12:29:53 UTC] PHP Fatal error:  require(): Failed opening required '/home/ubuntu/workspace/bootstrap/../vendor/autoload.php' (include_path='.:/usr/share/php') in /home/ubuntu/workspace/bootstrap/autoload.php on line 17
[18-Jan-2017 12:30:52 UTC] PHP Warning:  require(/home/ubuntu/workspace/bootstrap/../vendor/autoload.php): failed to open stream: No such file or directory in /home/ubuntu/workspace/bootstrap/autoload.php on line 17
[18-Jan-2017 12:30:52 UTC] PHP Fatal error:  require(): Failed opening required '/home/ubuntu/workspace/bootstrap/../vendor/autoload.php' (include_path='.:/usr/share/php') in /home/ubuntu/workspace/bootstrap/autoload.php on line 17
[07-Feb-2017 12:32:57 UTC] PHP Fatal error:  Cannot declare class App\Http\Controllers\RecibirDatos, because the name is already in use in /home/ubuntu/workspace/app/Http/Controllers/RecibirDatosVibracionController.php on line 0
